This is pdfTeX, Version 3.1415926-1.40.10 (TeX Live 2009/Debian) (format=pdflatex 2011.5.3)  13 SEP 2011 22:33
entering extended mode
 %&-line parsing enabled.
**"Requirements Analysis Document.tex"
(./Requirements Analysis Document.tex
LaTeX2e <2009/09/24>
Babel <v3.8l> and hyphenation patterns for english, usenglishmax, dumylang, noh
yphenation, loaded.
(../common.inc.tex (/usr/share/texmf-texlive/tex/latex/base/article.cls
Document Class: article 2007/10/19 v1.4h Standard LaTeX document class
(/usr/share/texmf-texlive/tex/latex/base/size10.clo
File: size10.clo 2007/10/19 v1.4h Standard LaTeX file (size option)
)
\c@part=\count79
\c@section=\count80
\c@subsection=\count81
\c@subsubsection=\count82
\c@paragraph=\count83
\c@subparagraph=\count84
\c@figure=\count85
\c@table=\count86
\abovecaptionskip=\skip41
\belowcaptionskip=\skip42
\bibindent=\dimen102
)
(/usr/share/texmf-texlive/tex/latex/preprint/fullpage.sty
Package: fullpage 1999/02/23 1.1 (PWD)
\FP@margin=\skip43
)
(/usr/share/texmf-texlive/tex/latex/psnfss/helvet.sty
Package: helvet 2005/04/12 PSNFSS-v9.2a (WaS) 

(/usr/share/texmf-texlive/tex/latex/graphics/keyval.sty
Package: keyval 1999/03/16 v1.13 key=value parser (DPC)
\KV@toks@=\toks14
))
(/usr/share/texmf-texlive/tex/latex/graphics/graphicx.sty
Package: graphicx 1999/02/16 v1.0f Enhanced LaTeX Graphics (DPC,SPQR)

(/usr/share/texmf-texlive/tex/latex/graphics/graphics.sty
Package: graphics 2009/02/05 v1.0o Standard LaTeX Graphics (DPC,SPQR)

(/usr/share/texmf-texlive/tex/latex/graphics/trig.sty
Package: trig 1999/03/16 v1.09 sin cos tan (DPC)
)
(/etc/texmf/tex/latex/config/graphics.cfg
File: graphics.cfg 2009/08/28 v1.8 graphics configuration of TeX Live
)
Package graphics Info: Driver file: pdftex.def on input line 91.

(/usr/share/texmf-texlive/tex/latex/pdftex-def/pdftex.def
File: pdftex.def 2010/03/12 v0.04p Graphics/color for pdfTeX
\Gread@gobject=\count87
))
\Gin@req@height=\dimen103
\Gin@req@width=\dimen104
)
(/usr/share/texmf-texlive/tex/latex/tools/tabularx.sty
Package: tabularx 1999/01/07 v2.07 `tabularx' package (DPC)

(/usr/share/texmf-texlive/tex/latex/tools/array.sty
Package: array 2008/09/09 v2.4c Tabular extension package (FMi)
\col@sep=\dimen105
\extrarowheight=\dimen106
\NC@list=\toks15
\extratabsurround=\skip44
\backup@length=\skip45
)
\TX@col@width=\dimen107
\TX@old@table=\dimen108
\TX@old@col=\dimen109
\TX@target=\dimen110
\TX@delta=\dimen111
\TX@cols=\count88
\TX@ftn=\toks16
)
(/usr/share/texmf-texlive/tex/latex/lastpage/lastpage.sty
Package: lastpage 1994/06/25 v0.1b LaTeX2e package for refs to last page number
 (JPG)
)
(/usr/share/texmf-texlive/tex/latex/fancyhdr/fancyhdr.sty
\fancy@headwidth=\skip46
\f@ncyO@elh=\skip47
\f@ncyO@erh=\skip48
\f@ncyO@olh=\skip49
\f@ncyO@orh=\skip50
\f@ncyO@elf=\skip51
\f@ncyO@erf=\skip52
\f@ncyO@olf=\skip53
\f@ncyO@orf=\skip54
))
(./Requirements Analysis Document.aux)
\openout1 = `"Requirements Analysis Document.aux"'.

LaTeX Font Info:    Checking defaults for OML/cmm/m/it on input line 21.
LaTeX Font Info:    ... okay on input line 21.
LaTeX Font Info:    Checking defaults for T1/cmr/m/n on input line 21.
LaTeX Font Info:    ... okay on input line 21.
LaTeX Font Info:    Checking defaults for OT1/cmr/m/n on input line 21.
LaTeX Font Info:    ... okay on input line 21.
LaTeX Font Info:    Checking defaults for OMS/cmsy/m/n on input line 21.
LaTeX Font Info:    ... okay on input line 21.
LaTeX Font Info:    Checking defaults for OMX/cmex/m/n on input line 21.
LaTeX Font Info:    ... okay on input line 21.
LaTeX Font Info:    Checking defaults for U/cmr/m/n on input line 21.
LaTeX Font Info:    ... okay on input line 21.

(/usr/share/texmf-texlive/tex/context/base/supp-pdf.mkii
[Loading MPS to PDF converter (version 2006.09.02).]
\scratchcounter=\count89
\scratchdimen=\dimen112
\scratchbox=\box26
\nofMPsegments=\count90
\nofMParguments=\count91
\everyMPshowfont=\toks17
\MPscratchCnt=\count92
\MPscratchDim=\dimen113
\MPnumerator=\count93
\everyMPtoPDFconversion=\toks18
) (../titlepage.inc.tex
<../534-genetic_algorithms.png, id=1, 370.38374pt x 155.83218pt>
File: ../534-genetic_algorithms.png Graphic file (type png)

<use ../534-genetic_algorithms.png> [1

{/var/lib/texmf/fonts/map/pdftex/updmap/pdftex.map} <../534-genetic_algorithms.
png (PNG copy)>])
LaTeX Font Info:    Try loading font information for OMS+cmr on input line 72.

(/usr/share/texmf-texlive/tex/latex/base/omscmr.fd
File: omscmr.fd 1999/05/25 v2.5h Standard LaTeX font definitions
)
LaTeX Font Info:    Font shape `OMS/cmr/m/n' in size <10> not available
(Font)              Font shape `OMS/cmsy/m/n' tried instead on input line 72.
 [1] [2]
(./Requirements Analysis Document.toc)
\tf@toc=\write3
\openout3 = `"Requirements Analysis Document.toc"'.

 [3

]
Overfull \hbox (25.00003pt too wide) in paragraph at lines 130--138
[] 
 []


Overfull \hbox (25.00003pt too wide) in paragraph at lines 139--147
[] 
 []


Overfull \hbox (25.00003pt too wide) in paragraph at lines 148--157
[] 
 []


Overfull \hbox (25.00003pt too wide) in paragraph at lines 158--171
[] 
 []

[4

] [5] [6] [7] <../Stochastic.png, id=37, 568.24059pt x 117.61588pt>
File: ../Stochastic.png Graphic file (type png)

<use ../Stochastic.png>
<../GeneticEngineCoreDetail.png, id=38, 505.89pt x 216.81pt>
File: ../GeneticEngineCoreDetail.png Graphic file (type png)

<use ../GeneticEngineCoreDetail.png>
<../GeneticEnginePluginDetail.png, id=40, 596.9502pt x 293.4162pt>
File: ../GeneticEnginePluginDetail.png Graphic file (type png)

<use ../GeneticEnginePluginDetail.png>
<../GeneticEngineSupportDetail.png, id=41, 294.8616pt x 172.7253pt>
File: ../GeneticEngineSupportDetail.png Graphic file (type png)

<use ../GeneticEngineSupportDetail.png>
<../RoadNetworkFinderDetail.png, id=42, 522.5121pt x 480.5955pt>
File: ../RoadNetworkFinderDetail.png Graphic file (type png)

<use ../RoadNetworkFinderDetail.png>
<../GeneticEngineCorePluginSupport.png, id=43, 1689.13412pt x 600.83295pt>
File: ../GeneticEngineCorePluginSupport.png Graphic file (type png)

<use ../GeneticEngineCorePluginSupport.png>
<../RoadNetworkFinder.png, id=44, 1368.87883pt x 741.12177pt>
File: ../RoadNetworkFinder.png Graphic file (type png)

<use ../RoadNetworkFinder.png>
<../RoadNetworkFinderGUI.png, id=45, 1252.68pt x 582.41118pt>
File: ../RoadNetworkFinderGUI.png Graphic file (type png)

<use ../RoadNetworkFinderGUI.png>
<../RoadNetworkVisualiser.png, id=46, 1191.74648pt x 633.4253pt>
File: ../RoadNetworkVisualiser.png Graphic file (type png)

<use ../RoadNetworkVisualiser.png> [8 <../Stochastic.png (PNG copy)>]

LaTeX Warning: Text page 9 contains only floats.

[9 <../GeneticEngineCoreDetail.png> <../GeneticEnginePluginDetail.png> <../Gene
ticEngineSupportDetail.png>] [10 <../RoadNetworkFinderDetail.png> <../GeneticEn
gineCorePluginSupport.png (PNG copy)>] [11 <../RoadNetworkFinder.png (PNG copy)
> <../RoadNetworkFinderGUI.png (PNG copy)> <../RoadNetworkVisualiser.png (PNG c
opy)>] <../Dynamic.png, id=63, 626.34pt x 434.37282pt>
File: ../Dynamic.png Graphic file (type png)
 <use ../Dynamic.png>
[12

 <../Dynamic.png>] <../Finder.png, id=69, 537.50812pt x 205.5178pt>
File: ../Finder.png Graphic file (type png)

<use ../Finder.png> <../Visualiser.png, id=70, 395.22656pt x 275.52937pt>
File: ../Visualiser.png Graphic file (type png)

<use ../Visualiser.png> [13

 <../Finder.png (PNG copy)> <../Visualiser.png (PNG copy)>] AED: lastpage setti
ng LastPage [14

]
(./Requirements Analysis Document.aux) ) 
Here is how much of TeX's memory you used:
 1276 strings out of 495061
 17384 string characters out of 1182622
 75654 words of memory out of 3000000
 4457 multiletter control sequences out of 15000+50000
 6874 words of font info for 25 fonts, out of 3000000 for 9000
 28 hyphenation exceptions out of 8191
 28i,10n,43p,666b,295s stack positions out of 5000i,500n,10000p,200000b,50000s
</usr/share/texmf-texlive/fonts/type1/p
ublic/amsfonts/cm/cmbx10.pfb></usr/share/texmf-texlive/fonts/type1/public/amsfo
nts/cm/cmbx12.pfb></usr/share/texmf-texlive/fonts/type1/public/amsfonts/cm/cmcs
c10.pfb></usr/share/texmf-texlive/fonts/type1/public/amsfonts/cm/cmmi10.pfb></u
sr/share/texmf-texlive/fonts/type1/public/amsfonts/cm/cmr10.pfb></usr/share/tex
mf-texlive/fonts/type1/public/amsfonts/cm/cmr9.pfb></usr/share/texmf-texlive/fo
nts/type1/public/amsfonts/cm/cmsy10.pfb></usr/share/texmf-texlive/fonts/type1/p
ublic/amsfonts/cm/cmti10.pfb></usr/share/texmf-texlive/fonts/type1/public/amsfo
nts/cm/cmtt10.pfb>
Output written on "Requirements Analysis Document.pdf" (15 pages, 636285 bytes)
.
PDF statistics:
 106 PDF objects out of 1000 (max. 8388607)
 0 named destinations out of 1000 (max. 500000)
 66 words of extra memory for PDF output out of 10000 (max. 10000000)

